<?xml version="1.0" encoding="UTF-8"?>
<robot generator="Robot 5.0.1 (Python 3.10.6 on win32)" generated="20220827 17:43:00.371" rpa="false" schemaversion="3">
<suite id="s1" name="Test" source="C:\qaninja\robotframework\test.robot">
<test id="s1-t1" name="Deve retornar mensagem de boas-vindas" line="5">
<kw name="Welcome" library="app">
<arg>Nicole</arg>
<status status="PASS" starttime="20220827 17:43:00.979" endtime="20220827 17:43:00.979"/>
</kw>
<status status="PASS" starttime="20220827 17:43:00.978" endtime="20220827 17:43:00.980"/>
</test>
<status status="PASS" starttime="20220827 17:43:00.374" endtime="20220827 17:43:00.982"/>
</suite>
<statistics>
<total>
<stat pass="1" fail="0" skip="0">All Tests</stat>
</total>
<tag>
</tag>
<suite>
<stat pass="1" fail="0" skip="0" id="s1" name="Test">Test</stat>
</suite>
</statistics>
<errors>
</errors>
</robot>
